[2017-05-02 19:37:38] slim-app.INFO: Slim-Skeleton '/' route [] {"uid":"2212839"}
[2017-05-02 19:37:49] slim-app.INFO: Slim-Skeleton '/' route [] {"uid":"dbcb6b7"}
[2017-05-02 19:39:02] slim-app.INFO: Slim-Skeleton '/' route [] {"uid":"24a2e30"}
[2017-05-02 19:43:59] slim-app.INFO: Slim-Skeleton '/' route [] {"uid":"335d3f8"}
[2017-05-02 19:50:59] slim-app.INFO: Imobilize '/' route [] {"uid":"3b8f3b6"}
[2017-05-02 19:51:05] slim-app.INFO: Imobilize '/' route [] {"uid":"145e26d"}
[2017-05-02 19:51:42] slim-app.INFO: Imobilize '/' route [] {"uid":"1693e23"}
[2017-05-02 20:35:03] slim-app.INFO: Imobilize '/' route [] {"uid":"7a02c29"}
[2017-05-02 20:36:15] slim-app.INFO: Imobilize '/' route [] {"uid":"7b17813"}
[2017-05-02 20:36:22] slim-app.INFO: Imobilize '/' route [] {"uid":"3b0467d"}
[2017-05-02 20:41:21] slim-app.INFO: Imobilize '/' route [] {"uid":"d28280a"}
[2017-05-02 20:43:48] slim-app.INFO: Imobilize '/' route [] {"uid":"cf41d23"}
[2017-05-02 20:43:50] slim-app.INFO: Imobilize::doLogin '/login' route [] {"uid":"28204f2"}
[2017-05-02 20:44:04] slim-app.INFO: Imobilize '/' route [] {"uid":"5d65398"}
[2017-05-02 20:44:10] slim-app.INFO: Imobilize '/' route [] {"uid":"9ab1d7f"}
[2017-05-02 20:44:14] slim-app.INFO: Imobilize '/' route [] {"uid":"bc357dd"}
[2017-05-02 21:03:06] slim-app.INFO: Imobilize '/' route [] {"uid":"93bd479"}
[2017-05-02 21:50:08] slim-app.INFO: Imobilize '/' route [] {"uid":"409de83"}
[2017-05-02 21:54:58] slim-app.INFO: Imobilize '/' route [] {"uid":"61e103c"}
[2017-05-02 21:55:06] slim-app.INFO: Imobilize '/' route [] {"uid":"21d6b41"}
[2017-05-02 21:55:10] slim-app.INFO: Imobilize '/' route [] {"uid":"58274cf"}
[2017-05-02 22:09:53] slim-app.INFO: Imobilize '/' route [] {"uid":"14ed881"}
[2017-05-02 22:10:24] slim-app.INFO: Imobilize '/' route [] {"uid":"39c9512"}
[2017-05-02 22:14:59] slim-app.INFO: Imobilize '/' route [] {"uid":"b5c553f"}
[2017-05-02 22:15:43] slim-app.INFO: Imobilize '/' route [] {"uid":"bd6a73d"}
[2017-05-02 22:18:08] slim-app.INFO: Imobilize '/' route [] {"uid":"45e90a4"}
[2017-05-02 22:18:39] slim-app.INFO: Imobilize '/' route [] {"uid":"2759ba2"}
[2017-05-02 22:18:49] slim-app.INFO: Imobilize '/' route [] {"uid":"b3dfd09"}
[2017-05-02 22:19:01] slim-app.INFO: Imobilize '/' route [] {"uid":"9c3fd4a"}
[2017-05-02 22:19:17] slim-app.INFO: Imobilize '/' route [] {"uid":"120ca7c"}
[2017-05-02 22:19:31] slim-app.INFO: Imobilize '/' route [] {"uid":"04cbde6"}
[2017-05-02 22:19:39] slim-app.INFO: Imobilize '/' route [] {"uid":"bc2dfd8"}
[2017-05-02 22:20:27] slim-app.INFO: Imobilize '/' route [] {"uid":"70b89b8"}
[2017-05-02 22:20:28] slim-app.INFO: Imobilize '/' route [] {"uid":"4957510"}
[2017-05-02 22:24:17] slim-app.INFO: Imobilize '/' route [] {"uid":"a6fc70c"}
[2017-05-02 22:46:02] slim-app.INFO: Imobilize '/login' route [] {"uid":"d9c73c3"}
[2017-05-02 22:49:01] slim-app.INFO: Imobilize '/register' route [] {"uid":"7413898"}
[2017-05-02 22:50:01] slim-app.INFO: Imobilize '/register' route [] {"uid":"97adbf1"}
[2017-05-02 22:50:29] slim-app.INFO: Imobilize '/register' route [] {"uid":"c11cca7"}
[2017-05-02 22:51:43] slim-app.INFO: Imobilize '/register' route [] {"uid":"5054ed8"}
[2017-05-02 22:52:24] slim-app.INFO: Imobilize '/login' route [] {"uid":"7c31a98"}
[2017-05-02 22:52:27] slim-app.INFO: Imobilize '/register' route [] {"uid":"caa0fbd"}
[2017-05-02 22:52:28] slim-app.INFO: Imobilize '/login' route [] {"uid":"e398e6c"}
[2017-05-02 22:52:44] slim-app.INFO: Imobilize '/login' route [] {"uid":"00e9a11"}
[2017-05-02 22:52:46] slim-app.INFO: Imobilize '/register' route [] {"uid":"695939b"}
[2017-05-02 23:14:57] slim-app.INFO: Imobilize '/register' route [] {"uid":"1506f3a"}
[2017-05-03 00:01:10] slim-app.INFO: Imobilize '/login' route [] {"uid":"fafdf57"}
[2017-05-03 00:02:54] slim-app.INFO: Imobilize '/register' route [] {"uid":"f84db5e"}
[2017-05-03 00:13:45] slim-app.INFO: Imobilize '/register' route [] {"uid":"f74f976"}
[2017-05-03 00:13:53] slim-app.INFO: Imobilize '/register' route [] {"uid":"fbbca62"}
[2017-05-03 18:06:01] slim-app.INFO: Imobilize '/register' route [] {"uid":"8c6ccf4"}
[2017-05-03 18:12:19] slim-app.INFO: Imobilize '/register' route [] {"uid":"80d7fda"}
[2017-05-03 18:18:33] slim-app.INFO: Imobilize '/register' route [] {"uid":"801c964"}
[2017-05-03 18:19:58] slim-app.INFO: Imobilize '/register' route [] {"uid":"1dc6d65"}
[2017-05-03 18:23:53] slim-app.INFO: Imobilize '/register' route [] {"uid":"25adf4b"}
[2017-05-03 18:25:01] slim-app.INFO: Imobilize '/register' route [] {"uid":"5337c58"}
[2017-05-03 18:25:09] slim-app.INFO: Imobilize '/register' route [] {"uid":"0e0946e"}
[2017-05-04 03:15:49] slim-app.INFO: Imobilize '/register' route [] {"uid":"17fd728"}
[2017-05-04 03:17:13] slim-app.INFO: Imobilize '/register' route [] {"uid":"9e6e4c3"}
[2017-05-05 12:00:03] slim-app.INFO: Imobilize '/register' route [] {"uid":"f33144b"}
[2017-05-05 15:08:55] slim-app.INFO: Imobilize '/register' route [] {"uid":"e763155"}
[2017-05-05 15:09:13] slim-app.INFO: Imobilize '/register' route [] {"uid":"d4319a2"}
[2017-05-05 16:20:37] slim-app.INFO: Imobilize '/register' route [] {"uid":"9279790"}
[2017-05-13 14:08:11] slim-app.INFO: Imobilize '/register' route [] {"uid":"dd345d1"}
[2017-05-13 14:09:19] slim-app.INFO: Imobilize '/register' route [] {"uid":"814e746"}
[2017-05-13 14:09:26] slim-app.INFO: Imobilize '/register' route [] {"uid":"ee7d5f0"}
[2017-05-13 14:10:09] slim-app.INFO: Imobilize '/register' route [] {"uid":"efbf7d7"}
